

Started GET "/" for 195.26.22.198 at 2015-11-27 11:13:41 +0000
Processing by Rails::WelcomeController#index as HTML
  Rendered /usr/local/rvm/gems/ruby-2.2.1/gems/railties-4.2.2/lib/rails/templates/rails/welcome/index.html.erb (5.0ms)
Completed 200 OK in 58ms (Views: 32.8ms | ActiveRecord: 0.0ms)


Started GET "/" for 195.26.22.198 at 2015-11-27 11:18:01 +0000
Processing by ApplicationController#hello as HTML
  Rendered text template (0.0ms)
Completed 200 OK in 30ms (Views: 15.9ms | ActiveRecord: 0.0ms)
  [1m[36m (11.2ms)[0m  [1mCREATE TABLE "schema_migrations" ("version" varchar NOT NULL) [0m
  [1m[35m (0.2ms)[0m  select sqlite_version(*)
  [1m[36m (6.4ms)[0m  [1mCREATE UNIQUE INDEX "unique_schema_migrations" ON "schema_migrations" ("version")[0m
  [1m[35mActiveRecord::SchemaMigration Load (0.2ms)[0m  SELECT "schema_migrations".* FROM "schema_migrations"
Migrating to CreateUsers (20151130204634)
  [1m[36m (0.1ms)[0m  [1mbegin transaction[0m
  [1m[35m (0.5ms)[0m  CREATE TABLE "users" ("id" INTEGER PRIMARY KEY AUTOINCREMENT NOT NULL, "name" varchar, "email" varchar, "created_at" datetime NOT NULL, "updated_at" datetime NOT NULL) 
  [1m[36mSQL (0.3ms)[0m  [1mINSERT INTO "schema_migrations" ("version") VALUES (?)[0m  [["version", "20151130204634"]]
  [1m[35m (10.2ms)[0m  commit transaction
  [1m[36mActiveRecord::SchemaMigration Load (0.2ms)[0m  [1mSELECT "schema_migrations".* FROM "schema_migrations"[0m


Started GET "/" for 188.95.31.34 at 2015-11-30 20:52:12 +0000
  [1m[36mActiveRecord::SchemaMigration Load (0.2ms)[0m  [1mSELECT "schema_migrations".* FROM "schema_migrations"[0m
Processing by ApplicationController#hello as HTML
  Rendered text template (0.0ms)
Completed 200 OK in 45ms (Views: 22.7ms | ActiveRecord: 0.0ms)


Started GET "/users/" for 188.95.31.34 at 2015-11-30 20:52:17 +0000
Processing by UsersController#index as HTML
  [1m[35mUser Load (0.3ms)[0m  SELECT "users".* FROM "users"
  Rendered users/index.html.erb within layouts/application (5.7ms)
Completed 200 OK in 1573ms (Views: 1569.2ms | ActiveRecord: 0.4ms)


Started GET "/assets/application.self-b044cd13670714a357d39769c9b4dc7517a59a20e0b823e3e1698a4457a3bd28.css?body=1" for 188.95.31.34 at 2015-11-30 20:52:19 +0000


Started GET "/assets/application.self-3b8dabdc891efe46b9a144b400ad69e37d7e5876bdc39dee783419a69d7ca819.js?body=1" for 188.95.31.34 at 2015-11-30 20:52:19 +0000


Started GET "/assets/turbolinks.self-c846e670826600e8c91b1a5ada3e6547110d996cd6ff24cde55024f7a135a1b4.js?body=1" for 188.95.31.34 at 2015-11-30 20:52:20 +0000


Started GET "/assets/jquery.self-d03a5518f45df77341bdbe6201ba3bfa547ebba8ed64f0ea56bfa5f96ea7c074.js?body=1" for 188.95.31.34 at 2015-11-30 20:52:20 +0000


Started GET "/assets/users.self-877aef30ae1b040ab8a3aba4e3e309a11d7f2612f44dde450b5c157aa5f95c05.js?body=1" for 188.95.31.34 at 2015-11-30 20:52:20 +0000


Started GET "/assets/jquery_ujs.self-8e98a7a072a6cee1372d19fff9ff3e6aa1e39a37d89d6f06861637d061113ee7.js?body=1" for 188.95.31.34 at 2015-11-30 20:52:20 +0000


Started GET "/users/new" for 188.95.31.34 at 2015-11-30 20:52:28 +0000
Processing by UsersController#new as HTML
  Rendered users/_form.html.erb (56.3ms)
  Rendered users/new.html.erb within layouts/application (70.4ms)
Completed 200 OK in 163ms (Views: 156.9ms | ActiveRecord: 0.5ms)


Started POST "/users" for 188.95.31.34 at 2015-11-30 20:52:39 +0000
Processing by UsersController#create as HTML
  Parameters: {"utf8"=>"✓", "authenticity_token"=>"0vJ2mvmuPIMeqv85smxCGcw0cd8sdLZvkpDwXh+xgQd6YG5rQXrrTw4RP8UFcfOvni0UiSd8rs1dnkvOaDAyPA==", "user"=>{"name"=>"pp", "email"=>"pp@p.pl"}, "commit"=>"Create User"}
  [1m[36m (0.2ms)[0m  [1mbegin transaction[0m
  [1m[35mSQL (0.6ms)[0m  INSERT INTO "users" ("name", "email", "created_at", "updated_at") VALUES (?, ?, ?, ?)  [["name", "pp"], ["email", "pp@p.pl"], ["created_at", "2015-11-30 20:52:39.660428"], ["updated_at", "2015-11-30 20:52:39.660428"]]
  [1m[36m (14.2ms)[0m  [1mcommit transaction[0m
Redirected to https://rails-tutorial-pozp.c9users.io/users/1
Completed 302 Found in 41ms (ActiveRecord: 15.0ms)


Started GET "/users/1" for 188.95.31.34 at 2015-11-30 20:52:39 +0000
Processing by UsersController#show as HTML
  Parameters: {"id"=>"1"}
  [1m[35mUser Load (0.4ms)[0m  SELECT  "users".* FROM "users" WHERE "users"."id" = ? LIMIT 1  [["id", 1]]
  Rendered users/show.html.erb within layouts/application (1.6ms)
Completed 200 OK in 149ms (Views: 130.4ms | ActiveRecord: 0.4ms)


Started GET "/users" for 188.95.31.34 at 2015-11-30 20:52:43 +0000
Processing by UsersController#index as HTML
  [1m[36mUser Load (0.3ms)[0m  [1mSELECT "users".* FROM "users"[0m
  Rendered users/index.html.erb within layouts/application (5.4ms)
Completed 200 OK in 136ms (Views: 134.4ms | ActiveRecord: 0.3ms)


Started GET "/" for 195.26.22.198 at 2015-11-30 22:49:29 +0000
  [1m[36mActiveRecord::SchemaMigration Load (0.2ms)[0m  [1mSELECT "schema_migrations".* FROM "schema_migrations"[0m
Processing by ApplicationController#hello as HTML
  Rendered text template (0.0ms)
Completed 200 OK in 33ms (Views: 16.3ms | ActiveRecord: 0.0ms)


Started GET "/users" for 195.26.22.198 at 2015-11-30 22:49:38 +0000
Processing by UsersController#index as HTML
  [1m[35mUser Load (0.3ms)[0m  SELECT "users".* FROM "users"
  Rendered users/index.html.erb within layouts/application (8.3ms)
Completed 200 OK in 240ms (Views: 236.7ms | ActiveRecord: 0.8ms)


Started GET "/assets/application.self-4729f5a274bcf439241301e7ce64ea83338081621886323154dcf1a69a554621.css?body=1" for 195.26.22.198 at 2015-11-30 22:49:38 +0000


Started GET "/assets/jquery.self-d03a5518f45df77341bdbe6201ba3bfa547ebba8ed64f0ea56bfa5f96ea7c074.js?body=1" for 195.26.22.198 at 2015-11-30 22:49:39 +0000


Started GET "/assets/turbolinks.self-c846e670826600e8c91b1a5ada3e6547110d996cd6ff24cde55024f7a135a1b4.js?body=1" for 195.26.22.198 at 2015-11-30 22:49:39 +0000


Started GET "/assets/users.self-877aef30ae1b040ab8a3aba4e3e309a11d7f2612f44dde450b5c157aa5f95c05.js?body=1" for 195.26.22.198 at 2015-11-30 22:49:39 +0000


Started GET "/assets/jquery_ujs.self-8e98a7a072a6cee1372d19fff9ff3e6aa1e39a37d89d6f06861637d061113ee7.js?body=1" for 195.26.22.198 at 2015-11-30 22:49:39 +0000


Started GET "/assets/application.self-3b8dabdc891efe46b9a144b400ad69e37d7e5876bdc39dee783419a69d7ca819.js?body=1" for 195.26.22.198 at 2015-11-30 22:49:39 +0000


Started GET "/users" for 195.26.22.198 at 2015-11-30 22:49:54 +0000
Processing by UsersController#index as HTML
  [1m[36mUser Load (0.3ms)[0m  [1mSELECT "users".* FROM "users"[0m
  Rendered users/index.html.erb within layouts/application (1.7ms)
Completed 200 OK in 89ms (Views: 88.1ms | ActiveRecord: 0.3ms)


Started GET "/assets/application.self-80b3bcd0a41581541cdc4dd05a540ee150595f905980ba3e433ba36f7ce32fa9.css?body=1" for 195.26.22.198 at 2015-11-30 22:49:54 +0000


Started GET "/users/new" for 195.26.22.198 at 2015-11-30 22:49:56 +0000
Processing by UsersController#new as HTML
  Rendered users/_form.html.erb (30.9ms)
  Rendered users/new.html.erb within layouts/application (39.9ms)
Completed 200 OK in 107ms (Views: 106.7ms | ActiveRecord: 0.0ms)


Started POST "/users" for 195.26.22.198 at 2015-11-30 22:49:59 +0000
Processing by UsersController#create as HTML
  Parameters: {"utf8"=>"✓", "authenticity_token"=>"R6rJ0DIomXFPZfzfqhD23WK2nvmH2X+hKLRwcXvNp1zFVUrN3E4VJ6ndBBaM1AAMQGda514dsD215K6PXabDtA==", "user"=>{"name"=>"b", "email"=>"b"}, "commit"=>"Create User"}
  [1m[35m (0.1ms)[0m  begin transaction
  [1m[36mSQL (0.7ms)[0m  [1mINSERT INTO "users" ("name", "email", "created_at", "updated_at") VALUES (?, ?, ?, ?)[0m  [["name", "b"], ["email", "b"], ["created_at", "2015-11-30 22:49:59.641099"], ["updated_at", "2015-11-30 22:49:59.641099"]]
  [1m[35m (17.8ms)[0m  commit transaction
Redirected to https://rails-tutorial-pozp.c9users.io/users/2
Completed 302 Found in 54ms (ActiveRecord: 18.6ms)


Started GET "/users/2" for 195.26.22.198 at 2015-11-30 22:49:59 +0000
Processing by UsersController#show as HTML
  Parameters: {"id"=>"2"}
  [1m[36mUser Load (0.3ms)[0m  [1mSELECT  "users".* FROM "users" WHERE "users"."id" = ? LIMIT 1[0m  [["id", 2]]
  Rendered users/show.html.erb within layouts/application (1.7ms)
Completed 200 OK in 84ms (Views: 67.4ms | ActiveRecord: 0.3ms)


Started GET "/users" for 195.26.22.198 at 2015-11-30 22:50:02 +0000
Processing by UsersController#index as HTML
  [1m[35mUser Load (0.3ms)[0m  SELECT "users".* FROM "users"
  Rendered users/index.html.erb within layouts/application (2.6ms)
Completed 200 OK in 78ms (Views: 77.2ms | ActiveRecord: 0.3ms)


Started GET "/users/2/edit" for 195.26.22.198 at 2015-11-30 22:50:03 +0000
Processing by UsersController#edit as HTML
  Parameters: {"id"=>"2"}
  [1m[36mUser Load (0.2ms)[0m  [1mSELECT  "users".* FROM "users" WHERE "users"."id" = ? LIMIT 1[0m  [["id", 2]]
  Rendered users/_form.html.erb (2.9ms)
  Rendered users/edit.html.erb within layouts/application (11.6ms)
Completed 200 OK in 146ms (Views: 143.6ms | ActiveRecord: 0.2ms)


Started PATCH "/users/2" for 195.26.22.198 at 2015-11-30 22:50:05 +0000
Processing by UsersController#update as HTML
  Parameters: {"utf8"=>"✓", "authenticity_token"=>"/MF1utZnSpSQu+2RMcBLz9mU9ymZ0pWrvrrZKTY/ROZ+PvanOAHGwnYDFVgXBL0e+0UzN0AWWjcj6gfXEFQgDg==", "user"=>{"name"=>"b", "email"=>"b"}, "commit"=>"Update User", "id"=>"2"}
  [1m[35mUser Load (0.2ms)[0m  SELECT  "users".* FROM "users" WHERE "users"."id" = ? LIMIT 1  [["id", 2]]
  [1m[36m (0.1ms)[0m  [1mbegin transaction[0m
  [1m[35m (0.1ms)[0m  commit transaction
Redirected to https://rails-tutorial-pozp.c9users.io/users/2
Completed 302 Found in 14ms (ActiveRecord: 0.4ms)


Started GET "/users/2" for 195.26.22.198 at 2015-11-30 22:50:05 +0000
Processing by UsersController#show as HTML
  Parameters: {"id"=>"2"}
  [1m[36mUser Load (0.2ms)[0m  [1mSELECT  "users".* FROM "users" WHERE "users"."id" = ? LIMIT 1[0m  [["id", 2]]
  Rendered users/show.html.erb within layouts/application (0.6ms)
Completed 200 OK in 113ms (Views: 111.7ms | ActiveRecord: 0.2ms)


Started GET "/users" for 195.26.22.198 at 2015-11-30 22:50:07 +0000
Processing by UsersController#index as HTML
  [1m[35mUser Load (0.2ms)[0m  SELECT "users".* FROM "users"
  Rendered users/index.html.erb within layouts/application (2.4ms)
Completed 200 OK in 116ms (Views: 113.9ms | ActiveRecord: 0.2ms)


Started DELETE "/users/2" for 195.26.22.198 at 2015-11-30 22:50:10 +0000
Processing by UsersController#destroy as HTML
  Parameters: {"authenticity_token"=>"gvPZUtH0+bk9AeeOMxt0NCf3sNhCHSt6NQvAxcmTt2MADFpPP5J179u5H0cV34LlBSZ0xpvZ5OaoWx477/jTiw==", "id"=>"2"}
  [1m[36mUser Load (0.2ms)[0m  [1mSELECT  "users".* FROM "users" WHERE "users"."id" = ? LIMIT 1[0m  [["id", 2]]
  [1m[35m (0.1ms)[0m  begin transaction
  [1m[36mSQL (0.4ms)[0m  [1mDELETE FROM "users" WHERE "users"."id" = ?[0m  [["id", 2]]
  [1m[35m (9.9ms)[0m  commit transaction
Redirected to https://rails-tutorial-pozp.c9users.io/users
Completed 302 Found in 14ms (ActiveRecord: 10.6ms)


Started GET "/users" for 195.26.22.198 at 2015-11-30 22:50:10 +0000
Processing by UsersController#index as HTML
  [1m[36mUser Load (0.3ms)[0m  [1mSELECT "users".* FROM "users"[0m
  Rendered users/index.html.erb within layouts/application (10.1ms)
Completed 200 OK in 85ms (Views: 83.9ms | ActiveRecord: 0.3ms)


Started GET "/users/new" for 195.26.22.198 at 2015-11-30 22:51:44 +0000
Processing by UsersController#new as HTML
  Rendered users/_form.html.erb (1.5ms)
  Rendered users/new.html.erb within layouts/application (5.2ms)
Completed 200 OK in 81ms (Views: 79.9ms | ActiveRecord: 0.0ms)


Started POST "/users" for 195.26.22.198 at 2015-11-30 22:51:46 +0000
Processing by UsersController#create as HTML
  Parameters: {"utf8"=>"✓", "authenticity_token"=>"sFC9dQmO+PSTwNMcnpJaKjjdAurrG7Ekw4ZGFnUXWSMyrz5o5+h0onV4K9W4Vqz7GgzG9DLffrhe1pjoU3w9yw==", "user"=>{"name"=>"v", "email"=>"v"}, "commit"=>"Create User"}
  [1m[35m (0.2ms)[0m  begin transaction
  [1m[36mSQL (0.4ms)[0m  [1mINSERT INTO "users" ("name", "email", "created_at", "updated_at") VALUES (?, ?, ?, ?)[0m  [["name", "v"], ["email", "v"], ["created_at", "2015-11-30 22:51:46.284344"], ["updated_at", "2015-11-30 22:51:46.284344"]]
  [1m[35m (23.0ms)[0m  commit transaction
Redirected to https://rails-tutorial-pozp.c9users.io/users/3
Completed 302 Found in 28ms (ActiveRecord: 23.5ms)


Started GET "/users/3" for 195.26.22.198 at 2015-11-30 22:51:46 +0000
Processing by UsersController#show as HTML
  Parameters: {"id"=>"3"}
  [1m[36mUser Load (0.2ms)[0m  [1mSELECT  "users".* FROM "users" WHERE "users"."id" = ? LIMIT 1[0m  [["id", 3]]
  Rendered users/show.html.erb within layouts/application (0.4ms)
Completed 200 OK in 63ms (Views: 62.0ms | ActiveRecord: 0.2ms)


Started GET "/users" for 195.26.22.198 at 2015-11-30 22:51:48 +0000
Processing by UsersController#index as HTML
  [1m[35mUser Load (0.2ms)[0m  SELECT "users".* FROM "users"
  Rendered users/index.html.erb within layouts/application (2.0ms)
Completed 200 OK in 60ms (Views: 58.7ms | ActiveRecord: 0.2ms)


Started GET "/users" for 195.26.22.198 at 2015-11-30 22:56:58 +0000
Processing by UsersController#index as HTML
  [1m[36mUser Load (1.5ms)[0m  [1mSELECT "users".* FROM "users"[0m
  Rendered users/index.html.erb within layouts/application (9.1ms)
Completed 200 OK in 104ms (Views: 95.4ms | ActiveRecord: 2.2ms)


Started GET "/" for 195.26.22.198 at 2015-11-30 22:57:01 +0000
Processing by UsersController#index as HTML
  [1m[35mUser Load (0.3ms)[0m  SELECT "users".* FROM "users"
  Rendered users/index.html.erb within layouts/application (2.3ms)
Completed 200 OK in 110ms (Views: 109.2ms | ActiveRecord: 0.3ms)


Started GET "/" for 195.26.22.198 at 2015-11-30 22:57:03 +0000
Processing by UsersController#index as HTML
  [1m[36mUser Load (0.2ms)[0m  [1mSELECT "users".* FROM "users"[0m
  Rendered users/index.html.erb within layouts/application (1.4ms)
Completed 200 OK in 68ms (Views: 67.5ms | ActiveRecord: 0.2ms)
  [1m[36mActiveRecord::SchemaMigration Load (0.2ms)[0m  [1mSELECT "schema_migrations".* FROM "schema_migrations"[0m
Migrating to CreateMicroposts (20151130230609)
  [1m[35m (0.2ms)[0m  begin transaction
  [1m[36m (0.6ms)[0m  [1mCREATE TABLE "microposts" ("id" INTEGER PRIMARY KEY AUTOINCREMENT NOT NULL, "content" text, "user_id" integer, "created_at" datetime NOT NULL, "updated_at" datetime NOT NULL) [0m
  [1m[35mSQL (0.2ms)[0m  INSERT INTO "schema_migrations" ("version") VALUES (?)  [["version", "20151130230609"]]
  [1m[36m (15.0ms)[0m  [1mcommit transaction[0m
  [1m[35mActiveRecord::SchemaMigration Load (0.1ms)[0m  SELECT "schema_migrations".* FROM "schema_migrations"


Started GET "/" for 195.26.22.198 at 2015-11-30 23:08:18 +0000
  [1m[36mActiveRecord::SchemaMigration Load (0.2ms)[0m  [1mSELECT "schema_migrations".* FROM "schema_migrations"[0m
Processing by UsersController#index as HTML
  [1m[35mUser Load (0.4ms)[0m  SELECT "users".* FROM "users"
  Rendered users/index.html.erb within layouts/application (15.4ms)
Completed 200 OK in 478ms (Views: 451.0ms | ActiveRecord: 1.0ms)


Started GET "/assets/microposts.self-877aef30ae1b040ab8a3aba4e3e309a11d7f2612f44dde450b5c157aa5f95c05.js?body=1" for 195.26.22.198 at 2015-11-30 23:08:19 +0000


Started GET "/" for 195.26.22.198 at 2015-11-30 23:08:24 +0000
Processing by UsersController#index as HTML
  [1m[36mUser Load (0.3ms)[0m  [1mSELECT "users".* FROM "users"[0m
  Rendered users/index.html.erb within layouts/application (2.1ms)
Completed 200 OK in 112ms (Views: 110.9ms | ActiveRecord: 0.3ms)


Started GET "/micropost" for 195.26.22.198 at 2015-11-30 23:08:31 +0000

ActionController::RoutingError (No route matches [GET] "/micropost"):
  web-console (2.0.0.beta3) lib/action_dispatch/debug_exceptions.rb:22:in `middleware_call'
  web-console (2.0.0.beta3) lib/action_dispatch/debug_exceptions.rb:13:in `call'
  actionpack (4.2.2) lib/action_dispatch/middleware/show_exceptions.rb:30:in `call'
  railties (4.2.2) lib/rails/rack/logger.rb:38:in `call_app'
  railties (4.2.2) lib/rails/rack/logger.rb:20:in `block in call'
  activesupport (4.2.2) lib/active_support/tagged_logging.rb:68:in `block in tagged'
  activesupport (4.2.2) lib/active_support/tagged_logging.rb:26:in `tagged'
  activesupport (4.2.2) lib/active_support/tagged_logging.rb:68:in `tagged'
  railties (4.2.2) lib/rails/rack/logger.rb:20:in `call'
  actionpack (4.2.2) lib/action_dispatch/middleware/request_id.rb:21:in `call'
  rack (1.6.4) lib/rack/methodoverride.rb:22:in `call'
  rack (1.6.4) lib/rack/runtime.rb:18:in `call'
  activesupport (4.2.2) lib/active_support/cache/strategy/local_cache_middleware.rb:28:in `call'
  rack (1.6.4) lib/rack/lock.rb:17:in `call'
  actionpack (4.2.2) lib/action_dispatch/middleware/static.rb:113:in `call'
  rack (1.6.4) lib/rack/sendfile.rb:113:in `call'
  railties (4.2.2) lib/rails/engine.rb:518:in `call'
  railties (4.2.2) lib/rails/application.rb:164:in `call'
  rack (1.6.4) lib/rack/lock.rb:17:in `call'
  rack (1.6.4) lib/rack/content_length.rb:15:in `call'
  rack (1.6.4) lib/rack/handler/webrick.rb:88:in `service'
  /usr/local/rvm/rubies/ruby-2.2.1/lib/ruby/2.2.0/webrick/httpserver.rb:138:in `service'
  /usr/local/rvm/rubies/ruby-2.2.1/lib/ruby/2.2.0/webrick/httpserver.rb:94:in `run'
  /usr/local/rvm/rubies/ruby-2.2.1/lib/ruby/2.2.0/webrick/server.rb:294:in `block in start_thread'


  Rendered /usr/local/rvm/gems/ruby-2.2.1/gems/web-console-2.0.0.beta3/lib/action_dispatch/templates/rescues/_trace.html.erb (9.8ms)
  Rendered /usr/local/rvm/gems/ruby-2.2.1/gems/web-console-2.0.0.beta3/lib/action_dispatch/templates/rescues/routing_error.html.erb within rescues/layout (123.3ms)


Started GET "/microposts" for 195.26.22.198 at 2015-11-30 23:08:41 +0000
Processing by MicropostsController#index as HTML
  [1m[35mMicropost Load (0.2ms)[0m  SELECT "microposts".* FROM "microposts"
  Rendered microposts/index.html.erb within layouts/application (3.1ms)
Completed 200 OK in 106ms (Views: 102.8ms | ActiveRecord: 0.4ms)


Started GET "/microposts/new" for 195.26.22.198 at 2015-11-30 23:08:45 +0000
Processing by MicropostsController#new as HTML
  Rendered microposts/_form.html.erb (46.2ms)
  Rendered microposts/new.html.erb within layouts/application (51.7ms)
Completed 200 OK in 162ms (Views: 155.6ms | ActiveRecord: 0.2ms)


Started POST "/microposts" for 195.26.22.198 at 2015-11-30 23:09:10 +0000
Processing by MicropostsController#create as HTML
  Parameters: {"utf8"=>"✓", "authenticity_token"=>"N8w9qzOLvfo2xBQxPc1h+rfsJ/Ryn9onNB5XrzMGbuG1M7623e0xrNB87PgbCZcrlT3j6qtbFbupTolRFW0KCQ==", "micropost"=>{"content"=>"New Micropost!", "user_id"=>"1"}, "commit"=>"Create Micropost"}
  [1m[36m (0.1ms)[0m  [1mbegin transaction[0m
  [1m[35mSQL (0.6ms)[0m  INSERT INTO "microposts" ("content", "user_id", "created_at", "updated_at") VALUES (?, ?, ?, ?)  [["content", "New Micropost!"], ["user_id", 1], ["created_at", "2015-11-30 23:09:10.560391"], ["updated_at", "2015-11-30 23:09:10.560391"]]
  [1m[36m (14.0ms)[0m  [1mcommit transaction[0m
Redirected to https://rails-tutorial-pozp.c9users.io/microposts/1
Completed 302 Found in 26ms (ActiveRecord: 14.7ms)


Started GET "/microposts/1" for 195.26.22.198 at 2015-11-30 23:09:11 +0000
Processing by MicropostsController#show as HTML
  Parameters: {"id"=>"1"}
  [1m[35mMicropost Load (0.3ms)[0m  SELECT  "microposts".* FROM "microposts" WHERE "microposts"."id" = ? LIMIT 1  [["id", 1]]
  Rendered microposts/show.html.erb within layouts/application (1.7ms)
Completed 200 OK in 192ms (Views: 171.1ms | ActiveRecord: 0.3ms)


Started GET "/microposts" for 195.26.22.198 at 2015-11-30 23:11:52 +0000
Processing by MicropostsController#index as HTML
  [1m[36mMicropost Load (0.7ms)[0m  [1mSELECT "microposts".* FROM "microposts"[0m
  Rendered microposts/index.html.erb within layouts/application (14.9ms)
Completed 200 OK in 126ms (Views: 120.0ms | ActiveRecord: 1.4ms)


Started GET "/microposts/new" for 195.26.22.198 at 2015-11-30 23:11:59 +0000
Processing by MicropostsController#new as HTML
  Rendered microposts/_form.html.erb (2.8ms)
  Rendered microposts/new.html.erb within layouts/application (13.1ms)
Completed 200 OK in 115ms (Views: 97.3ms | ActiveRecord: 1.2ms)


Started POST "/microposts" for 195.26.22.198 at 2015-11-30 23:12:14 +0000
Processing by MicropostsController#create as HTML
  Parameters: {"utf8"=>"✓", "authenticity_token"=>"tJlv9YTr0uMKpex2VB6QAzeAVW03dztbAFJZ7VEuiWM2Zuzoao1etewdFL9y2mbSFVGRc+6z9MedAocTd0Xtiw==", "micropost"=>{"content"=>"bbbbbbbbbbbbbbbbbbbbbbbbbbbbbbbbbbbbbbbbbbbbbbbbbbbbbbbbbbbbbbbbbbbbbbbbbbbbbbbbbbbbbbbbbbbbbbbbbbbbbbbbbbbbbbbbbbbbbbbbbbbbbbbbbbbbbbbbbbbbbbbbbbbbbbbbbbbbbbbbbbbbbbbbbbbbbbbbbbbbbbbbbbbbbbbbbbbbbbbbbbbbbbbbbbbbbbbbbbbbbbbbbbbbbbbbbbbbbbbbbbbbbbbbbbbbbbbbbbbbbbbbbbbbbbbbbbbbbb", "user_id"=>"1"}, "commit"=>"Create Micropost"}
  [1m[35m (0.1ms)[0m  begin transaction
  [1m[36m (0.0ms)[0m  [1mrollback transaction[0m
  Rendered microposts/_form.html.erb (3.3ms)
  Rendered microposts/new.html.erb within layouts/application (6.1ms)
Completed 200 OK in 75ms (Views: 71.8ms | ActiveRecord: 0.2ms)


Started POST "/microposts" for 195.26.22.198 at 2015-11-30 23:14:35 +0000
Processing by MicropostsController#create as HTML
  Parameters: {"utf8"=>"✓", "authenticity_token"=>"iYGRxATmj/TnZYHT4chlSaEJu2jiHata1xumNS1ln3ILfhLZ6oADogHdeRrHDJOYg9h/djvZZMZKS3jLCw77mg==", "micropost"=>{"content"=>"Second post!", "user_id"=>"1"}, "commit"=>"Create Micropost"}
  [1m[35m (0.1ms)[0m  begin transaction
  [1m[36mSQL (0.3ms)[0m  [1mINSERT INTO "microposts" ("content", "user_id", "created_at", "updated_at") VALUES (?, ?, ?, ?)[0m  [["content", "Second post!"], ["user_id", 1], ["created_at", "2015-11-30 23:14:35.227246"], ["updated_at", "2015-11-30 23:14:35.227246"]]
  [1m[35m (9.3ms)[0m  commit transaction
Redirected to https://rails-tutorial-pozp.c9users.io/microposts/2
Completed 302 Found in 30ms (ActiveRecord: 10.6ms)


Started GET "/microposts/2" for 195.26.22.198 at 2015-11-30 23:14:35 +0000
Processing by MicropostsController#show as HTML
  Parameters: {"id"=>"2"}
  [1m[36mMicropost Load (0.3ms)[0m  [1mSELECT  "microposts".* FROM "microposts" WHERE "microposts"."id" = ? LIMIT 1[0m  [["id", 2]]
  Rendered microposts/show.html.erb within layouts/application (0.7ms)
Completed 200 OK in 98ms (Views: 94.1ms | ActiveRecord: 0.3ms)


Started GET "/microposts" for 195.26.22.198 at 2015-11-30 23:14:38 +0000
Processing by MicropostsController#index as HTML
  [1m[35mMicropost Load (0.3ms)[0m  SELECT "microposts".* FROM "microposts"
  Rendered microposts/index.html.erb within layouts/application (2.1ms)
Completed 200 OK in 96ms (Views: 94.4ms | ActiveRecord: 0.3ms)
